<?xml version="1.0" encoding="UTF-8"?>
<!-- Generated by org.testng.reporters.JUnitReportReporter -->
<testsuite hostname="DESKTOP-VMQDCQ9" failures="0" tests="1" name="browseropen.Googleclass" time="7.428" errors="0" timestamp="2023-06-22T16:23:55 IST" skipped="0">
  <testcase classname="browseropen.Googleclass" name="Validlogin" time="7.428"/>
  <system-out/>
</testsuite> <!-- browseropen.Googleclass -->
